{"C:\\Users\\Ryank\\Review-To-do-list\\src\\tests\\todo.js": {"path":"C:\\Users\\Ryank\\Review-To-do-list\\src\\tests\\todo.js","statementMap":{"0":{"start":{"line":1,"column":17},"end":{"line":1,"column":26}},"1":{"start":{"line":2,"column":20},"end":{"line":2,"column":29}},"2":{"start":{"line":3,"column":22},"end":{"line":3,"column":31}},"3":{"start":{"line":5,"column":19},"end":{"line":12,"column":1}},"4":{"start":{"line":6,"column":16},"end":{"line":6,"column":55}},"5":{"start":{"line":7,"column":20},"end":{"line":7,"column":34}},"6":{"start":{"line":8,"column":4},"end":{"line":8,"column":22}},"7":{"start":{"line":9,"column":4},"end":{"line":9,"column":25}},"8":{"start":{"line":10,"column":4},"end":{"line":10,"column":27}},"9":{"start":{"line":11,"column":4},"end":{"line":11,"column":19}},"10":{"start":{"line":16,"column":19},"end":{"line":22,"column":1}},"11":{"start":{"line":17,"column":20},"end":{"line":17,"column":61}},"12":{"start":{"line":17,"column":42},"end":{"line":17,"column":60}},"13":{"start":{"line":18,"column":4},"end":{"line":18,"column":22}},"14":{"start":{"line":19,"column":4},"end":{"line":19,"column":25}},"15":{"start":{"line":20,"column":4},"end":{"line":20,"column":27}},"16":{"start":{"line":21,"column":4},"end":{"line":21,"column":19}},"17":{"start":{"line":24,"column":17},"end":{"line":33,"column":3}},"18":{"start":{"line":25,"column":20},"end":{"line":25,"column":71}},"19":{"start":{"line":25,"column":42},"end":{"line":25,"column":70}},"20":{"start":{"line":26,"column":4},"end":{"line":28,"column":5}},"21":{"start":{"line":27,"column":6},"end":{"line":27,"column":18}},"22":{"start":{"line":29,"column":4},"end":{"line":29,"column":38}},"23":{"start":{"line":30,"column":4},"end":{"line":30,"column":19}},"24":{"start":{"line":31,"column":4},"end":{"line":31,"column":22}},"25":{"start":{"line":32,"column":4},"end":{"line":32,"column":16}},"26":{"start":{"line":35,"column":25},"end":{"line":40,"column":3}},"27":{"start":{"line":36,"column":20},"end":{"line":36,"column":58}},"28":{"start":{"line":36,"column":42},"end":{"line":36,"column":57}},"29":{"start":{"line":37,"column":4},"end":{"line":37,"column":22}},"30":{"start":{"line":38,"column":4},"end":{"line":38,"column":25}},"31":{"start":{"line":39,"column":4},"end":{"line":39,"column":19}},"32":{"start":{"line":42,"column":32},"end":{"line":50,"column":3}},"33":{"start":{"line":43,"column":4},"end":{"line":49,"column":7}},"34":{"start":{"line":44,"column":6},"end":{"line":48,"column":7}},"35":{"start":{"line":45,"column":8},"end":{"line":45,"column":44}},"36":{"start":{"line":47,"column":8},"end":{"line":47,"column":20}},"37":{"start":{"line":52,"column":0},"end":{"line":52,"column":131}}},"fnMap":{"0":{"name":"(anonymous_0)","decl":{"start":{"line":5,"column":19},"end":{"line":5,"column":20}},"loc":{"start":{"line":5,"column":35},"end":{"line":12,"column":1}},"line":5},"1":{"name":"(anonymous_1)","decl":{"start":{"line":16,"column":19},"end":{"line":16,"column":20}},"loc":{"start":{"line":16,"column":37},"end":{"line":22,"column":1}},"line":16},"2":{"name":"(anonymous_2)","decl":{"start":{"line":17,"column":32},"end":{"line":17,"column":33}},"loc":{"start":{"line":17,"column":42},"end":{"line":17,"column":60}},"line":17},"3":{"name":"(anonymous_3)","decl":{"start":{"line":24,"column":17},"end":{"line":24,"column":18}},"loc":{"start":{"line":24,"column":46},"end":{"line":33,"column":3}},"line":24},"4":{"name":"(anonymous_4)","decl":{"start":{"line":25,"column":32},"end":{"line":25,"column":33}},"loc":{"start":{"line":25,"column":42},"end":{"line":25,"column":70}},"line":25},"5":{"name":"(anonymous_5)","decl":{"start":{"line":35,"column":25},"end":{"line":35,"column":26}},"loc":{"start":{"line":35,"column":35},"end":{"line":40,"column":3}},"line":35},"6":{"name":"(anonymous_6)","decl":{"start":{"line":36,"column":32},"end":{"line":36,"column":33}},"loc":{"start":{"line":36,"column":42},"end":{"line":36,"column":57}},"line":36},"7":{"name":"(anonymous_7)","decl":{"start":{"line":42,"column":32},"end":{"line":42,"column":33}},"loc":{"start":{"line":42,"column":46},"end":{"line":50,"column":3}},"line":42},"8":{"name":"(anonymous_8)","decl":{"start":{"line":43,"column":24},"end":{"line":43,"column":25}},"loc":{"start":{"line":43,"column":34},"end":{"line":49,"column":5}},"line":43}},"branchMap":{"0":{"loc":{"start":{"line":26,"column":4},"end":{"line":28,"column":5}},"type":"if","locations":[{"start":{"line":26,"column":4},"end":{"line":28,"column":5}},{"start":{},"end":{}}],"line":26},"1":{"loc":{"start":{"line":44,"column":6},"end":{"line":48,"column":7}},"type":"if","locations":[{"start":{"line":44,"column":6},"end":{"line":48,"column":7}},{"start":{"line":46,"column":13},"end":{"line":48,"column":7}}],"line":44}},"s":{"0":1,"1":1,"2":1,"3":1,"4":1,"5":1,"6":1,"7":1,"8":1,"9":1,"10":1,"11":1,"12":2,"13":1,"14":1,"15":1,"16":1,"17":1,"18":2,"19":6,"20":2,"21":1,"22":1,"23":1,"24":1,"25":1,"26":1,"27":1,"28":3,"29":1,"30":1,"31":1,"32":1,"33":2,"34":8,"35":4,"36":4,"37":1},"f":{"0":1,"1":1,"2":2,"3":2,"4":6,"5":1,"6":3,"7":2,"8":8},"b":{"0":[1,1],"1":[4,4]},"_coverageSchema":"1a1c01bbd47fc00a2c39e90264f33305004495a9","hash":"11cc45540df7009e1ec68c7a50f179e782c3bae3"}
}
