TN:
SF:src\tests\todo.js
FN:5,(anonymous_0)
FN:16,(anonymous_1)
FN:17,(anonymous_2)
FN:24,(anonymous_3)
FN:25,(anonymous_4)
FN:35,(anonymous_5)
FN:36,(anonymous_6)
FN:42,(anonymous_7)
FN:43,(anonymous_8)
FNF:9
FNH:9
FNDA:1,(anonymous_0)
FNDA:1,(anonymous_1)
FNDA:2,(anonymous_2)
FNDA:2,(anonymous_3)
FNDA:6,(anonymous_4)
FNDA:1,(anonymous_5)
FNDA:3,(anonymous_6)
FNDA:2,(anonymous_7)
FNDA:8,(anonymous_8)
DA:1,1
DA:2,1
DA:3,1
DA:5,1
DA:6,1
DA:7,1
DA:8,1
DA:9,1
DA:10,1
DA:11,1
DA:16,1
DA:17,2
DA:18,1
DA:19,1
DA:20,1
DA:21,1
DA:24,1
DA:25,6
DA:26,2
DA:27,1
DA:29,1
DA:30,1
DA:31,1
DA:32,1
DA:35,1
DA:36,3
DA:37,1
DA:38,1
DA:39,1
DA:42,1
DA:43,2
DA:44,8
DA:45,4
DA:47,4
DA:52,1
LF:35
LH:35
BRDA:26,0,0,1
BRDA:26,0,1,1
BRDA:44,1,0,4
BRDA:44,1,1,4
BRF:4
BRH:4
end_of_record
